0 info it worked if it ends with ok
1 verbose cli [ 'C:\\Users\\15945\\AppData\\Local\\atom\\app-1.22.1\\resources\\app\\apm\\bin\\node.exe',
1 verbose cli   'C:\\Users\\15945\\AppData\\Local\\atom\\app-1.22.1\\resources\\app\\apm\\node_modules\\npm\\bin\\npm-cli.js',
1 verbose cli   'run',
1 verbose cli   'server' ]
2 info using npm@3.10.10
3 info using node@v6.9.5
4 verbose run-script [ 'preserver', 'server', 'postserver' ]
5 info lifecycle deepdrivingweb@1.0.0~preserver: deepdrivingweb@1.0.0
6 silly lifecycle deepdrivingweb@1.0.0~preserver: no script for preserver, continuing
7 info lifecycle deepdrivingweb@1.0.0~server: deepdrivingweb@1.0.0
8 verbose lifecycle deepdrivingweb@1.0.0~server: unsafe-perm in lifecycle true
9 verbose lifecycle deepdrivingweb@1.0.0~server: PATH: C:\Users\15945\AppData\Local\atom\app-1.22.1\resources\app\apm\node_modules\npm\bin\node-gyp-bin;C:\Users\15945\Desktop\web\CarWebsite\node_modules\.bin;C:\Users\15945\AppData\Local\atom\app-1.22.1\resources\app\apm\bin\;C:\Program Files\Microsoft MPI\Bin\;C:\ProgramData\Oracle\Java\javapath;C:\WINDOWS\system32;C:\WINDOWS;C:\WINDOWS\System32\Wbem;C:\WINDOWS\System32\WindowsPowerShell\v1.0\;C:\Users\15945\.dnx\bin;C:\Program Files\Microsoft DNX\Dnvm\;C:\Program Files\Microsoft SQL Server\120\Tools\Binn\;C:\Program Files\MATLAB\MATLAB Production Server\R2015a\runtime\win64;C:\Program Files\MATLAB\MATLAB Production Server\R2015a\bin;C:\Program Files\MATLAB\MATLAB Production Server\R2015a\polyspace\bin;C:\Program Files (x86)\QuickTime\QTSystem\;%QUARTUS_ROOTDIR%\bin;C:\Program Files (x86)\NVIDIA Corporation\PhysX\Common;C:\Anaconda3;C:\Anaconda3\Scripts;C:\Anaconda3\Library\bin;C:\WINDOWS\system32;C:\WINDOWS;C:\WINDOWS\System32\Wbem;C:\WINDOWS\System32\WindowsPowerShell\v1.0\;C:\Program Files\dotnet\;C:\Program Files\MySQL\MySQL Utilities 1.6\;C:\Program Files (x86)\Java\jdk1.8.0_101\bin;D:\Program Files (x86)\Gpg4win\..\GnuPG\bin;D:\Program Files\Git\cmd;C:\Program Files\MySQL\MySQL Server 5.7\bin;C:\Users\15945\AppData\Local\atom\app-1.22.1\resources\app\apm\bin;C:\Anaconda3\Scripts;C:\Anaconda3;PATH=PATH;C:\Users\15945\AppData\Local\Microsoft\WindowsApps;C:\Users\15945\AppData\Local\atom\bin
10 verbose lifecycle deepdrivingweb@1.0.0~server: CWD: C:\Users\15945\Desktop\web\CarWebsite
11 silly lifecycle deepdrivingweb@1.0.0~server: Args: [ '/d /s /c', 'webpack-dev-server --open' ]
12 verbose stack Error: kill ENOSYS
12 verbose stack     at exports._errnoException (util.js:1022:11)
12 verbose stack     at process.kill (internal/process.js:172:13)
12 verbose stack     at process.listener (C:\Users\15945\AppData\Local\atom\app-1.22.1\resources\app\apm\node_modules\npm\node_modules\npmlog\node_modules\gauge\node_modules\signal-exit\index.js:86:15)
12 verbose stack     at emitNone (events.js:91:20)
12 verbose stack     at process.emit (events.js:185:7)
12 verbose stack     at processEmit (C:\Users\15945\AppData\Local\atom\app-1.22.1\resources\app\apm\node_modules\npm\node_modules\npmlog\node_modules\gauge\node_modules\signal-exit\index.js:146:32)
12 verbose stack     at processEmit (C:\Users\15945\AppData\Local\atom\app-1.22.1\resources\app\apm\node_modules\signal-exit\index.js:155:32)
12 verbose stack     at Signal.wrap.onsignal (internal/process.js:199:44)
13 verbose cwd C:\Users\15945\Desktop\web\CarWebsite
14 error Windows_NT 10.0.15063
15 error argv "C:\\Users\\15945\\AppData\\Local\\atom\\app-1.22.1\\resources\\app\\apm\\bin\\node.exe" "C:\\Users\\15945\\AppData\\Local\\atom\\app-1.22.1\\resources\\app\\apm\\node_modules\\npm\\bin\\npm-cli.js" "run" "server"
16 error node v6.9.5
17 error npm  v3.10.10
18 error code ENOSYS
19 error errno ENOSYS
20 error syscall kill
21 error kill ENOSYS
22 error If you need help, you may report this error at:
22 error     <https://github.com/npm/npm/issues>
23 verbose exit [ 1, true ]
